#
# There is insufficient memory for the Java Runtime Environment to continue.
# Native memory allocation (mmap) failed to map 65536 bytes for Failed to commit metaspace.
# Possible reasons:
#   The system is out of physical RAM or swap space
#   The process is running with CompressedOops enabled, and the Java Heap may be blocking the growth of the native heap
# Possible solutions:
#   Reduce memory load on the system
#   Increase physical memory or swap space
#   Check if swap backing store is full
#   Decrease Java heap size (-Xmx/-Xms)
#   Decrease number of Java threads
#   Decrease Java thread stack sizes (-Xss)
#   Set larger code cache with -XX:ReservedCodeCacheSize=
#   JVM is running with Unscaled Compressed Oops mode in which the Java heap is
#     placed in the first 4GB address space. The Java Heap base address is the
#     maximum limit for the native heap growth. Please use -XX:HeapBaseMinAddress
#     to set the Java Heap base and to place the Java Heap above 4GB virtual address.
# This output file may be truncated or incomplete.
#
#  Out of Memory Error (virtualSpaceNode.cpp:110), pid=15244, tid=14424
#
# JRE version: OpenJDK Runtime Environment Temurin-17.0.8.1+1 (17.0.8.1+1) (build 17.0.8.1+1)
# Java VM: OpenJDK 64-Bit Server VM Temurin-17.0.8.1+1 (17.0.8.1+1, mixed mode, sharing, tiered, compressed oops, compressed class ptrs, g1 gc, windows-amd64)
# No core dump will be written. Minidumps are not enabled by default on client versions of Windows
#

---------------  S U M M A R Y ------------

Command Line: -javaagent:C:\Program Files\JetBrains\IntelliJ IDEA Community Edition 2023.2.2\lib\idea_rt.jar=61823:C:\Program Files\JetBrains\IntelliJ IDEA Community Edition 2023.2.2\bin -Dfile.encoding=UTF-8 --module-path=C:\Users\lucas\.m2\repository\com\google\code\gson\gson\2.10.1\gson-2.10.1.jar;C:\Users\lucas\.m2\repository\org\openjfx\javafx-controls\20\javafx-controls-20-win.jar;C:\Users\lucas\csc305\csc305Intellij\BitternRepo\GymnasticsApp\target\classes;C:\Users\lucas\.m2\repository\org\openjfx\javafx-graphics\20\javafx-graphics-20-win.jar;C:\Users\lucas\.m2\repository\org\openjfx\javafx-fxml\20\javafx-fxml-20-win.jar;C:\Users\lucas\.m2\repository\com\opencsv\opencsv\5.8\opencsv-5.8.jar;C:\Users\lucas\.m2\repository\org\openjfx\javafx-base\20\javafx-base-20-win.jar;C:\Users\lucas\.m2\repository\org\controlsfx\controlsfx\11.1.2\controlsfx-11.1.2.jar -Djdk.module.main=edu.augustana edu.augustana/edu.augustana.App

Host: Intel(R) Celeron(R) N4020 CPU @ 1.10GHz, 2 cores, 3G,  Windows 11 , 64 bit Build 22621 (10.0.22621.2428)
Time: Wed Nov 15 20:24:41 2023 Central Standard Time elapsed time: 1.382578 seconds (0d 0h 0m 1s)

---------------  T H R E A D  ---------------

Current thread (0x00000205de9b3cf0):  JavaThread "QuantumRenderer-0" daemon [_thread_in_vm, id=14424, stack(0x0000003e5bc00000,0x0000003e5bd00000)]

Stack: [0x0000003e5bc00000,0x0000003e5bd00000]
Native frames: (J=compiled Java code, j=interpreted, Vv=VM code, C=native code)
V  [jvm.dll+0x678b0a]
V  [jvm.dll+0x835e84]
V  [jvm.dll+0x83762e]
V  [jvm.dll+0x837c93]
V  [jvm.dll+0x24746f]
V  [jvm.dll+0x831f1b]
V  [jvm.dll+0x61d3c6]
V  [jvm.dll+0x1c1aae]
V  [jvm.dll+0x61fd21]
V  [jvm.dll+0x61dd66]
V  [jvm.dll+0x23b9ff]
V  [jvm.dll+0x627c05]
V  [jvm.dll+0x1eb90b]
V  [jvm.dll+0x1ebe45]
V  [jvm.dll+0x1ec87f]
V  [jvm.dll+0x1e1d21]
V  [jvm.dll+0x53fba0]
V  [jvm.dll+0x7b1278]
V  [jvm.dll+0x7b1364]
V  [jvm.dll+0x40ecc5]
V  [jvm.dll+0x414e18]
C  [java.dll+0x17ec]

Java frames: (J=compiled Java code, j=interpreted, Vv=VM code)
j  java.lang.ClassLoader.defineClass1(Ljava/lang/ClassLoader;Ljava/lang/String;[BIILjava/security/ProtectionDomain;Ljava/lang/String;)Ljava/lang/Class;+0 java.base@17.0.8.1
j  java.lang.ClassLoader.defineClass(Ljava/lang/String;[BIILjava/security/ProtectionDomain;)Ljava/lang/Class;+27 java.base@17.0.8.1
j  java.lang.ClassLoader.defineClass(Ljava/lang/String;Ljava/nio/ByteBuffer;Ljava/security/ProtectionDomain;)Ljava/lang/Class;+38 java.base@17.0.8.1
j  java.security.SecureClassLoader.defineClass(Ljava/lang/String;Ljava/nio/ByteBuffer;Ljava/security/CodeSource;)Ljava/lang/Class;+8 java.base@17.0.8.1
j  jdk.internal.loader.BuiltinClassLoader.defineClass(Ljava/lang/String;Ljdk/internal/loader/BuiltinClassLoader$LoadedModule;)Ljava/lang/Class;+127 java.base@17.0.8.1
j  jdk.internal.loader.BuiltinClassLoader.findClassInModuleOrNull(Ljdk/internal/loader/BuiltinClassLoader$LoadedModule;Ljava/lang/String;)Ljava/lang/Class;+9 java.base@17.0.8.1
j  jdk.internal.loader.BuiltinClassLoader.loadClassOrNull(Ljava/lang/String;Z)Ljava/lang/Class;+55 java.base@17.0.8.1
j  jdk.internal.loader.BuiltinClassLoader.loadClass(Ljava/lang/String;Z)Ljava/lang/Class;+3 java.base@17.0.8.1
j  jdk.internal.loader.ClassLoaders$AppClassLoader.loadClass(Ljava/lang/String;Z)Ljava/lang/Class;+36 java.base@17.0.8.1
j  java.lang.ClassLoader.loadClass(Ljava/lang/String;)Ljava/lang/Class;+3 java.base@17.0.8.1
v  ~StubRoutines::call_stub
j  java.lang.Class.forName0(Ljava/lang/String;ZLjava/lang/ClassLoader;Ljava/lang/Class;)Ljava/lang/Class;+0 java.base@17.0.8.1
j  java.lang.Class.forName(Ljava/lang/String;)Ljava/lang/Class;+11 java.base@17.0.8.1
j  com.sun.prism.GraphicsPipeline.createPipeline()Lcom/sun/prism/GraphicsPipeline;+183 javafx.graphics@20
j  com.sun.javafx.tk.quantum.QuantumRenderer$PipelineRunnable.init()V+0 javafx.graphics@20
j  com.sun.javafx.tk.quantum.QuantumRenderer$PipelineRunnable.run()V+1 javafx.graphics@20
j  java.lang.Thread.run()V+11 java.base@17.0.8.1
v  ~StubRoutines::call_stub

---------------  P R O C E S S  ---------------

Threads class SMR info:
_java_thread_list=0x00000205de9c1f30, length=14, elements={
0x0000020582194000, 0x0000020582245ac0, 0x00000205822470e0, 0x00000205de127530,
0x00000205de1280f0, 0x00000205de12d3a0, 0x00000205de12dd60, 0x00000205de12bfb0,
0x00000205de135b40, 0x00000205de144890, 0x00000205de11ca00, 0x00000205de517490,
0x00000205de619d30, 0x00000205de9b3cf0
}

Java Threads: ( => current thread )
  0x0000020582194000 JavaThread "main" [_thread_blocked, id=9132, stack(0x0000003e5a700000,0x0000003e5a800000)]
  0x0000020582245ac0 JavaThread "Reference Handler" daemon [_thread_blocked, id=9432, stack(0x0000003e5ae00000,0x0000003e5af00000)]
  0x00000205822470e0 JavaThread "Finalizer" daemon [_thread_blocked, id=10840, stack(0x0000003e5af00000,0x0000003e5b000000)]
  0x00000205de127530 JavaThread "Signal Dispatcher" daemon [_thread_blocked, id=14000, stack(0x0000003e5b000000,0x0000003e5b100000)]
  0x00000205de1280f0 JavaThread "Attach Listener" daemon [_thread_blocked, id=14620, stack(0x0000003e5b100000,0x0000003e5b200000)]
  0x00000205de12d3a0 JavaThread "Service Thread" daemon [_thread_blocked, id=556, stack(0x0000003e5b200000,0x0000003e5b300000)]
  0x00000205de12dd60 JavaThread "Monitor Deflation Thread" daemon [_thread_blocked, id=1276, stack(0x0000003e5b300000,0x0000003e5b400000)]
  0x00000205de12bfb0 JavaThread "C2 CompilerThread0" daemon [_thread_blocked, id=10800, stack(0x0000003e5b400000,0x0000003e5b500000)]
  0x00000205de135b40 JavaThread "C1 CompilerThread0" daemon [_thread_blocked, id=3420, stack(0x0000003e5b500000,0x0000003e5b600000)]
  0x00000205de144890 JavaThread "Sweeper thread" daemon [_thread_blocked, id=5568, stack(0x0000003e5b600000,0x0000003e5b700000)]
  0x00000205de11ca00 JavaThread "Common-Cleaner" daemon [_thread_blocked, id=12504, stack(0x0000003e5b700000,0x0000003e5b800000)]
  0x00000205de517490 JavaThread "Monitor Ctrl-Break" daemon [_thread_in_native, id=204, stack(0x0000003e5b900000,0x0000003e5ba00000)]
  0x00000205de619d30 JavaThread "Notification Thread" daemon [_thread_blocked, id=2580, stack(0x0000003e5ba00000,0x0000003e5bb00000)]
=>0x00000205de9b3cf0 JavaThread "QuantumRenderer-0" daemon [_thread_in_vm, id=14424, stack(0x0000003e5bc00000,0x0000003e5bd00000)]

Other Threads:
  0x0000020582240700 VMThread "VM Thread" [stack: 0x0000003e5ad00000,0x0000003e5ae00000] [id=9936]
  0x00000205de65f680 WatcherThread [stack: 0x0000003e5bb00000,0x0000003e5bc00000] [id=11612]
  0x00000205821cf670 GCTaskThread "GC Thread#0" [stack: 0x0000003e5a800000,0x0000003e5a900000] [id=5772]
  0x00000205de7cac00 GCTaskThread "GC Thread#1" [stack: 0x0000003e5b800000,0x0000003e5b900000] [id=5756]
  0x00000205821d8040 ConcurrentGCThread "G1 Main Marker" [stack: 0x0000003e5a900000,0x0000003e5aa00000] [id=14896]
  0x00000205821d8a50 ConcurrentGCThread "G1 Conc#0" [stack: 0x0000003e5aa00000,0x0000003e5ab00000] [id=12992]
  0x000002058220d530 ConcurrentGCThread "G1 Refine#0" [stack: 0x0000003e5ab00000,0x0000003e5ac00000] [id=13764]
  0x000002058220df60 ConcurrentGCThread "G1 Service" [stack: 0x0000003e5ac00000,0x0000003e5ad00000] [id=8552]

Threads with active compile tasks:

VM state: not at safepoint (normal execution)

VM Mutex/Monitor currently owned by a thread:  ([mutex/lock_event])
[0x000002058218e2b0] Metaspace_lock - owner thread: 0x00000205de9b3cf0

Heap address: 0x00000000c2c00000, size: 980 MB, Compressed Oops mode: 32-bit

CDS archive(s) mapped at: [0x000002059d000000-0x000002059dbd0000-0x000002059dbd0000), size 12386304, SharedBaseAddress: 0x000002059d000000, ArchiveRelocationMode: 1.
Compressed class space mapped at: 0x000002059e000000-0x00000205de000000, reserved size: 1073741824
Narrow klass base: 0x000002059d000000, Narrow klass shift: 0, Narrow klass range: 0x100000000

GC Precious Log:
 CPUs: 2 total, 2 available
 Memory: 3916M
 Large Page Support: Disabled
 NUMA Support: Disabled
 Compressed Oops: Enabled (32-bit)
 Heap Region Size: 1M
 Heap Min Capacity: 8M
 Heap Initial Capacity: 62M
 Heap Max Capacity: 980M
 Pre-touch: Disabled
 Parallel Workers: 2
 Concurrent Workers: 1
 Concurrent Refinement Workers: 2
 Periodic GC: Disabled

Heap:
 garbage-first heap   total 63488K, used 5441K [0x00000000c2c00000, 0x0000000100000000)
  region size 1024K, 5 young (5120K), 1 survivors (1024K)
 Metaspace       used 3240K, committed 3392K, reserved 1114112K
  class space    used 340K, committed 448K, reserved 1048576K

Heap Regions: E=young(eden), S=young(survivor), O=old, HS=humongous(starts), HC=humongous(continues), CS=collection set, F=free, OA=open archive, CA=closed archive, TAMS=top-at-mark-start (previous, next)
|   0|0x00000000c2c00000, 0x00000000c2d00000, 0x00000000c2d00000|100%| O|  |TAMS 0x00000000c2c00000, 0x00000000c2c00000| Untracked 
|   1|0x00000000c2d00000, 0x00000000c2d50400, 0x00000000c2e00000| 31%| O|  |TAMS 0x00000000c2d00000, 0x00000000c2d00000| Untracked 
|   2|0x00000000c2e00000, 0x00000000c2e00000, 0x00000000c2f00000|  0%| F|  |TAMS 0x00000000c2e00000, 0x00000000c2e00000| Untracked 
|   3|0x00000000c2f00000, 0x00000000c2f00000, 0x00000000c3000000|  0%| F|  |TAMS 0x00000000c2f00000, 0x00000000c2f00000| Untracked 
|   4|0x00000000c3000000, 0x00000000c3000000, 0x00000000c3100000|  0%| F|  |TAMS 0x00000000c3000000, 0x00000000c3000000| Untracked 
|   5|0x00000000c3100000, 0x00000000c3100000, 0x00000000c3200000|  0%| F|  |TAMS 0x00000000c3100000, 0x00000000c3100000| Untracked 
|   6|0x00000000c3200000, 0x00000000c3200000, 0x00000000c3300000|  0%| F|  |TAMS 0x00000000c3200000, 0x00000000c3200000| Untracked 
|   7|0x00000000c3300000, 0x00000000c3300000, 0x00000000c3400000|  0%| F|  |TAMS 0x00000000c3300000, 0x00000000c3300000| Untracked 
|   8|0x00000000c3400000, 0x00000000c3400000, 0x00000000c3500000|  0%| F|  |TAMS 0x00000000c3400000, 0x00000000c3400000| Untracked 
|   9|0x00000000c3500000, 0x00000000c3500000, 0x00000000c3600000|  0%| F|  |TAMS 0x00000000c3500000, 0x00000000c3500000| Untracked 
|  10|0x00000000c3600000, 0x00000000c3600000, 0x00000000c3700000|  0%| F|  |TAMS 0x00000000c3600000, 0x00000000c3600000| Untracked 
|  11|0x00000000c3700000, 0x00000000c3700000, 0x00000000c3800000|  0%| F|  |TAMS 0x00000000c3700000, 0x00000000c3700000| Untracked 
|  12|0x00000000c3800000, 0x00000000c3800000, 0x00000000c3900000|  0%| F|  |TAMS 0x00000000c3800000, 0x00000000c3800000| Untracked 
|  13|0x00000000c3900000, 0x00000000c3900000, 0x00000000c3a00000|  0%| F|  |TAMS 0x00000000c3900000, 0x00000000c3900000| Untracked 
|  14|0x00000000c3a00000, 0x00000000c3a00000, 0x00000000c3b00000|  0%| F|  |TAMS 0x00000000c3a00000, 0x00000000c3a00000| Untracked 
|  15|0x00000000c3b00000, 0x00000000c3b00000, 0x00000000c3c00000|  0%| F|  |TAMS 0x00000000c3b00000, 0x00000000c3b00000| Untracked 
|  16|0x00000000c3c00000, 0x00000000c3c00000, 0x00000000c3d00000|  0%| F|  |TAMS 0x00000000c3c00000, 0x00000000c3c00000| Untracked 
|  17|0x00000000c3d00000, 0x00000000c3d00000, 0x00000000c3e00000|  0%| F|  |TAMS 0x00000000c3d00000, 0x00000000c3d00000| Untracked 
|  18|0x00000000c3e00000, 0x00000000c3e00000, 0x00000000c3f00000|  0%| F|  |TAMS 0x00000000c3e00000, 0x00000000c3e00000| Untracked 
|  19|0x00000000c3f00000, 0x00000000c3f00000, 0x00000000c4000000|  0%| F|  |TAMS 0x00000000c3f00000, 0x00000000c3f00000| Untracked 
|  20|0x00000000c4000000, 0x00000000c4000000, 0x00000000c4100000|  0%| F|  |TAMS 0x00000000c4000000, 0x00000000c4000000| Untracked 
|  21|0x00000000c4100000, 0x00000000c4100000, 0x00000000c4200000|  0%| F|  |TAMS 0x00000000c4100000, 0x00000000c4100000| Untracked 
|  22|0x00000000c4200000, 0x00000000c4200000, 0x00000000c4300000|  0%| F|  |TAMS 0x00000000c4200000, 0x00000000c4200000| Untracked 
|  23|0x00000000c4300000, 0x00000000c4300000, 0x00000000c4400000|  0%| F|  |TAMS 0x00000000c4300000, 0x00000000c4300000| Untracked 
|  24|0x00000000c4400000, 0x00000000c4400000, 0x00000000c4500000|  0%| F|  |TAMS 0x00000000c4400000, 0x00000000c4400000| Untracked 
|  25|0x00000000c4500000, 0x00000000c4500000, 0x00000000c4600000|  0%| F|  |TAMS 0x00000000c4500000, 0x00000000c4500000| Untracked 
|  26|0x00000000c4600000, 0x00000000c4600000, 0x00000000c4700000|  0%| F|  |TAMS 0x00000000c4600000, 0x00000000c4600000| Untracked 
|  27|0x00000000c4700000, 0x00000000c4700000, 0x00000000c4800000|  0%| F|  |TAMS 0x00000000c4700000, 0x00000000c4700000| Untracked 
|  28|0x00000000c4800000, 0x00000000c4800000, 0x00000000c4900000|  0%| F|  |TAMS 0x00000000c4800000, 0x00000000c4800000| Untracked 
|  29|0x00000000c4900000, 0x00000000c4900000, 0x00000000c4a00000|  0%| F|  |TAMS 0x00000000c4900000, 0x00000000c4900000| Untracked 
|  30|0x00000000c4a00000, 0x00000000c4a00000, 0x00000000c4b00000|  0%| F|  |TAMS 0x00000000c4a00000, 0x00000000c4a00000| Untracked 
|  31|0x00000000c4b00000, 0x00000000c4b00000, 0x00000000c4c00000|  0%| F|  |TAMS 0x00000000c4b00000, 0x00000000c4b00000| Untracked 
|  32|0x00000000c4c00000, 0x00000000c4c00000, 0x00000000c4d00000|  0%| F|  |TAMS 0x00000000c4c00000, 0x00000000c4c00000| Untracked 
|  33|0x00000000c4d00000, 0x00000000c4d00000, 0x00000000c4e00000|  0%| F|  |TAMS 0x00000000c4d00000, 0x00000000c4d00000| Untracked 
|  34|0x00000000c4e00000, 0x00000000c4e00000, 0x00000000c4f00000|  0%| F|  |TAMS 0x00000000c4e00000, 0x00000000c4e00000| Untracked 
|  35|0x00000000c4f00000, 0x00000000c4f00000, 0x00000000c5000000|  0%| F|  |TAMS 0x00000000c4f00000, 0x00000000c4f00000| Untracked 
|  36|0x00000000c5000000, 0x00000000c5000000, 0x00000000c5100000|  0%| F|  |TAMS 0x00000000c5000000, 0x00000000c5000000| Untracked 
|  37|0x00000000c5100000, 0x00000000c5100000, 0x00000000c5200000|  0%| F|  |TAMS 0x00000000c5100000, 0x00000000c5100000| Untracked 
|  38|0x00000000c5200000, 0x00000000c5200000, 0x00000000c5300000|  0%| F|  |TAMS 0x00000000c5200000, 0x00000000c5200000| Untracked 
|  39|0x00000000c5300000, 0x00000000c5300000, 0x00000000c5400000|  0%| F|  |TAMS 0x00000000c5300000, 0x00000000c5300000| Untracked 
|  40|0x00000000c5400000, 0x00000000c5400000, 0x00000000c5500000|  0%| F|  |TAMS 0x00000000c5400000, 0x00000000c5400000| Untracked 
|  41|0x00000000c5500000, 0x00000000c5500000, 0x00000000c5600000|  0%| F|  |TAMS 0x00000000c5500000, 0x00000000c5500000| Untracked 
|  42|0x00000000c5600000, 0x00000000c5600000, 0x00000000c5700000|  0%| F|  |TAMS 0x00000000c5600000, 0x00000000c5600000| Untracked 
|  43|0x00000000c5700000, 0x00000000c5700000, 0x00000000c5800000|  0%| F|  |TAMS 0x00000000c5700000, 0x00000000c5700000| Untracked 
|  44|0x00000000c5800000, 0x00000000c5800000, 0x00000000c5900000|  0%| F|  |TAMS 0x00000000c5800000, 0x00000000c5800000| Untracked 
|  45|0x00000000c5900000, 0x00000000c5900000, 0x00000000c5a00000|  0%| F|  |TAMS 0x00000000c5900000, 0x00000000c5900000| Untracked 
|  46|0x00000000c5a00000, 0x00000000c5a00000, 0x00000000c5b00000|  0%| F|  |TAMS 0x00000000c5a00000, 0x00000000c5a00000| Untracked 
|  47|0x00000000c5b00000, 0x00000000c5b00000, 0x00000000c5c00000|  0%| F|  |TAMS 0x00000000c5b00000, 0x00000000c5b00000| Untracked 
|  48|0x00000000c5c00000, 0x00000000c5c00000, 0x00000000c5d00000|  0%| F|  |TAMS 0x00000000c5c00000, 0x00000000c5c00000| Untracked 
|  49|0x00000000c5d00000, 0x00000000c5d00000, 0x00000000c5e00000|  0%| F|  |TAMS 0x00000000c5d00000, 0x00000000c5d00000| Untracked 
|  50|0x00000000c5e00000, 0x00000000c5e00000, 0x00000000c5f00000|  0%| F|  |TAMS 0x00000000c5e00000, 0x00000000c5e00000| Untracked 
|  51|0x00000000c5f00000, 0x00000000c5f00000, 0x00000000c6000000|  0%| F|  |TAMS 0x00000000c5f00000, 0x00000000c5f00000| Untracked 
|  52|0x00000000c6000000, 0x00000000c6000000, 0x00000000c6100000|  0%| F|  |TAMS 0x00000000c6000000, 0x00000000c6000000| Untracked 
|  53|0x00000000c6100000, 0x00000000c6200000, 0x00000000c6200000|100%| S|CS|TAMS 0x00000000c6100000, 0x00000000c6100000| Complete 
|  54|0x00000000c6200000, 0x00000000c6200000, 0x00000000c6300000|  0%| F|  |TAMS 0x00000000c6200000, 0x00000000c6200000| Untracked 
|  55|0x00000000c6300000, 0x00000000c6300000, 0x00000000c6400000|  0%| F|  |TAMS 0x00000000c6300000, 0x00000000c6300000| Untracked 
|  56|0x00000000c6400000, 0x00000000c6400000, 0x00000000c6500000|  0%| F|  |TAMS 0x00000000c6400000, 0x00000000c6400000| Untracked 
|  57|0x00000000c6500000, 0x00000000c6500000, 0x00000000c6600000|  0%| F|  |TAMS 0x00000000c6500000, 0x00000000c6500000| Untracked 
|  58|0x00000000c6600000, 0x00000000c663f828, 0x00000000c6700000| 24%| E|  |TAMS 0x00000000c6600000, 0x00000000c6600000| Complete 
|  59|0x00000000c6700000, 0x00000000c6800000, 0x00000000c6800000|100%| E|CS|TAMS 0x00000000c6700000, 0x00000000c6700000| Complete 
|  60|0x00000000c6800000, 0x00000000c6900000, 0x00000000c6900000|100%| E|CS|TAMS 0x00000000c6800000, 0x00000000c6800000| Complete 
|  61|0x00000000c6900000, 0x00000000c6a00000, 0x00000000c6a00000|100%| E|CS|TAMS 0x00000000c6900000, 0x00000000c6900000| Complete 

Card table byte_map: [0x0000020581f40000,0x0000020582130000] _byte_map_base: 0x000002058192a000

Marking Bits (Prev, Next): (CMBitMap*) 0x00000205821cfc90, (CMBitMap*) 0x00000205821cfcd0
 Prev Bits: [0x0000020598e70000, 0x0000020599dc0000)
 Next Bits: [0x0000020599dc0000, 0x000002059ad10000)

Polling page: 0x0000020580140000

Metaspace:

Usage:
  Non-class:      2.83 MB used.
      Class:    340.67 KB used.
       Both:      3.16 MB used.

Virtual space:
  Non-class space:       64.00 MB reserved,       2.88 MB (  4%) committed,  1 nodes.
      Class space:        1.00 GB reserved,     448.00 KB ( <1%) committed,  1 nodes.
             Both:        1.06 GB reserved,       3.31 MB ( <1%) committed. 

Chunk freelists:
   Non-Class:  11.17 MB
       Class:  15.59 MB
        Both:  26.77 MB

MaxMetaspaceSize: unlimited
CompressedClassSpaceSize: 1.00 GB
Initial GC threshold: 21.00 MB
Current GC threshold: 21.00 MB
CDS: on
MetaspaceReclaimPolicy: balanced
 - commit_granule_bytes: 65536.
 - commit_granule_words: 8192.
 - virtual_space_node_default_size: 8388608.
 - enlarge_chunks_in_place: 1.
 - new_chunks_are_fully_committed: 0.
 - uncommit_free_chunks: 1.
 - use_allocation_guard: 0.
 - handle_deallocations: 1.


Internal statistics:

num_allocs_failed_limit: 0.
num_arena_births: 86.
num_arena_deaths: 0.
num_vsnodes_births: 2.
num_vsnodes_deaths: 0.
num_space_committed: 53.
num_space_uncommitted: 0.
num_chunks_returned_to_freelist: 0.
num_chunks_taken_from_freelist: 139.
num_chunk_merges: 0.
num_chunk_splits: 96.
num_chunks_enlarged: 58.
num_inconsistent_stats: 0.

CodeHeap 'non-profiled nmethods': size=120064Kb used=303Kb max_used=303Kb free=119760Kb
 bounds [0x0000020591740000, 0x00000205919b0000, 0x0000020598c80000]
CodeHeap 'profiled nmethods': size=120000Kb used=1344Kb max_used=1344Kb free=118655Kb
 bounds [0x0000020589c80000, 0x0000020589ef0000, 0x00000205911b0000]
CodeHeap 'non-nmethods': size=5696Kb used=1159Kb max_used=1172Kb free=4536Kb
 bounds [0x00000205911b0000, 0x0000020591420000, 0x0000020591740000]
 total_blobs=1318 nmethods=864 adapters=368
 compilation: enabled
              stopped_count=0, restarted_count=0
 full_count=0

Compilation events (20 events):
Event: 1.369 Thread 0x00000205de135b40 nmethod 845 0x0000020589dc7b10 code [0x0000020589dc7ce0, 0x0000020589dc8008]
Event: 1.369 Thread 0x00000205de135b40  850       3       jdk.internal.org.objectweb.asm.Handler::getExceptionTableSize (10 bytes)
Event: 1.369 Thread 0x00000205de135b40 nmethod 850 0x0000020589dc8190 code [0x0000020589dc8340, 0x0000020589dc8538]
Event: 1.369 Thread 0x00000205de135b40  853       3       java.lang.invoke.LambdaFormBuffer::ownedCount (7 bytes)
Event: 1.369 Thread 0x00000205de135b40 nmethod 853 0x0000020589dc8690 code [0x0000020589dc8820, 0x0000020589dc8938]
Event: 1.369 Thread 0x00000205de135b40  854       3       java.lang.invoke.LambdaForm$Name::replaceNames (175 bytes)
Event: 1.370 Thread 0x00000205de135b40 nmethod 854 0x0000020589dc8a10 code [0x0000020589dc8c40, 0x0000020589dc9858]
Event: 1.370 Thread 0x00000205de135b40  855       3       jdk.internal.org.objectweb.asm.MethodWriter::visitInsn (115 bytes)
Event: 1.371 Thread 0x00000205de135b40 nmethod 855 0x0000020589dc9b90 code [0x0000020589dc9d60, 0x0000020589dca188]
Event: 1.371 Thread 0x00000205de135b40  856       3       java.lang.invoke.MemberName$Factory::resolveOrFail (79 bytes)
Event: 1.371 Thread 0x00000205de135b40 nmethod 856 0x0000020589dca310 code [0x0000020589dca520, 0x0000020589dcac38]
Event: 1.371 Thread 0x00000205de135b40  858       3       jdk.internal.org.objectweb.asm.MethodVisitor::<init> (88 bytes)
Event: 1.372 Thread 0x00000205de135b40 nmethod 858 0x0000020589dcae90 code [0x0000020589dcb0e0, 0x0000020589dcb9c8]
Event: 1.375 Thread 0x00000205de135b40  859       3       java.lang.invoke.MethodHandleNatives::refKindIsMethod (19 bytes)
Event: 1.375 Thread 0x00000205de135b40 nmethod 859 0x0000020589dcbc90 code [0x0000020589dcbe40, 0x0000020589dcc098]
Event: 1.375 Thread 0x00000205de135b40  860       3       java.lang.invoke.MethodTypeForm::cachedLambdaForm (23 bytes)
Event: 1.375 Thread 0x00000205de135b40 nmethod 860 0x0000020589dcc190 code [0x0000020589dcc340, 0x0000020589dcc6a8]
Event: 1.375 Thread 0x00000205de135b40  861       3       jdk.internal.org.objectweb.asm.Label::<init> (5 bytes)
Event: 1.376 Thread 0x00000205de135b40 nmethod 861 0x0000020589dcc810 code [0x0000020589dcc9a0, 0x0000020589dccaf8]
Event: 1.376 Thread 0x00000205de135b40  862   !   3       java.util.zip.ZipFile::getInputStream (275 bytes)

GC Heap History (4 events):
Event: 0.480 GC heap before
{Heap before GC invocations=0 (full 0):
 garbage-first heap   total 63488K, used 5120K [0x00000000c2c00000, 0x0000000100000000)
  region size 1024K, 6 young (6144K), 0 survivors (0K)
 Metaspace       used 707K, committed 896K, reserved 1114112K
  class space    used 59K, committed 128K, reserved 1048576K
}
Event: 0.483 GC heap after
{Heap after GC invocations=1 (full 0):
 garbage-first heap   total 63488K, used 688K [0x00000000c2c00000, 0x0000000100000000)
  region size 1024K, 1 young (1024K), 1 survivors (1024K)
 Metaspace       used 707K, committed 896K, reserved 1114112K
  class space    used 59K, committed 128K, reserved 1048576K
}
Event: 1.137 GC heap before
{Heap before GC invocations=1 (full 0):
 garbage-first heap   total 63488K, used 6832K [0x00000000c2c00000, 0x0000000100000000)
  region size 1024K, 8 young (8192K), 1 survivors (1024K)
 Metaspace       used 2666K, committed 2880K, reserved 1114112K
  class space    used 278K, committed 384K, reserved 1048576K
}
Event: 1.143 GC heap after
{Heap after GC invocations=2 (full 0):
 garbage-first heap   total 63488K, used 2369K [0x00000000c2c00000, 0x0000000100000000)
  region size 1024K, 1 young (1024K), 1 survivors (1024K)
 Metaspace       used 2666K, committed 2880K, reserved 1114112K
  class space    used 278K, committed 384K, reserved 1048576K
}

Dll operation events (20 events):
Event: 1.116 Loaded shared library C:\Users\lucas\.openjfx\cache\20+19\amd64\api-ms-win-crt-convert-l1-1-0.dll
Event: 1.121 Loaded shared library C:\Users\lucas\.openjfx\cache\20+19\amd64\api-ms-win-crt-environment-l1-1-0.dll
Event: 1.125 Loaded shared library C:\Users\lucas\.openjfx\cache\20+19\amd64\api-ms-win-crt-filesystem-l1-1-0.dll
Event: 1.131 Loaded shared library C:\Users\lucas\.openjfx\cache\20+19\amd64\api-ms-win-crt-heap-l1-1-0.dll
Event: 1.136 Loaded shared library C:\Users\lucas\.openjfx\cache\20+19\amd64\api-ms-win-crt-locale-l1-1-0.dll
Event: 1.147 Loaded shared library C:\Users\lucas\.openjfx\cache\20+19\amd64\api-ms-win-crt-math-l1-1-0.dll
Event: 1.153 Loaded shared library C:\Users\lucas\.openjfx\cache\20+19\amd64\api-ms-win-crt-multibyte-l1-1-0.dll
Event: 1.161 Loaded shared library C:\Users\lucas\.openjfx\cache\20+19\amd64\api-ms-win-crt-private-l1-1-0.dll
Event: 1.166 Loaded shared library C:\Users\lucas\.openjfx\cache\20+19\amd64\api-ms-win-crt-process-l1-1-0.dll
Event: 1.172 Loaded shared library C:\Users\lucas\.openjfx\cache\20+19\amd64\api-ms-win-crt-runtime-l1-1-0.dll
Event: 1.177 Loaded shared library C:\Users\lucas\.openjfx\cache\20+19\amd64\api-ms-win-crt-stdio-l1-1-0.dll
Event: 1.182 Loaded shared library C:\Users\lucas\.openjfx\cache\20+19\amd64\api-ms-win-crt-string-l1-1-0.dll
Event: 1.187 Loaded shared library C:\Users\lucas\.openjfx\cache\20+19\amd64\api-ms-win-crt-time-l1-1-0.dll
Event: 1.192 Loaded shared library C:\Users\lucas\.openjfx\cache\20+19\amd64\api-ms-win-crt-utility-l1-1-0.dll
Event: 1.220 Loaded shared library C:\Users\lucas\.openjfx\cache\20+19\amd64\ucrtbase.dll
Event: 1.231 Loaded shared library C:\Users\lucas\.openjfx\cache\20+19\amd64\vcruntime140.dll
Event: 1.237 Loaded shared library C:\Users\lucas\.openjfx\cache\20+19\amd64\vcruntime140_1.dll
Event: 1.259 Loaded shared library C:\Users\lucas\.openjfx\cache\20+19\amd64\msvcp140.dll
Event: 1.267 Loaded shared library C:\Users\lucas\.openjfx\cache\20+19\amd64\msvcp140_1.dll
Event: 1.295 Loaded shared library C:\Users\lucas\.openjfx\cache\20+19\amd64\msvcp140_2.dll

Deoptimization events (20 events):
Event: 0.747 Thread 0x0000020582194000 Uncommon trap: trap_request=0xffffff45 fr.pc=0x000002059175a6ec relative=0x000000000000178c
Event: 0.747 Thread 0x0000020582194000 Uncommon trap: reason=unstable_if action=reinterpret pc=0x000002059175a6ec method=jdk.internal.module.Checks.isJavaIdentifier(Ljava/lang/String;)Z @ 4 c2
Event: 0.747 Thread 0x0000020582194000 DEOPT PACKING pc=0x000002059175a6ec sp=0x0000003e5a7fe310
Event: 0.747 Thread 0x0000020582194000 DEOPT UNPACKING pc=0x000002059120699d sp=0x0000003e5a7fe278 mode 2
Event: 0.796 Thread 0x0000020582194000 Uncommon trap: trap_request=0xffffff45 fr.pc=0x000002059176293c relative=0x0000000000000d9c
Event: 0.796 Thread 0x0000020582194000 Uncommon trap: reason=unstable_if action=reinterpret pc=0x000002059176293c method=java.util.HashMap.putVal(ILjava/lang/Object;Ljava/lang/Object;ZZ)Ljava/lang/Object; @ 193 c2
Event: 0.796 Thread 0x0000020582194000 DEOPT PACKING pc=0x000002059176293c sp=0x0000003e5a7fdf80
Event: 0.796 Thread 0x0000020582194000 DEOPT UNPACKING pc=0x000002059120699d sp=0x0000003e5a7fdec8 mode 2
Event: 0.840 Thread 0x0000020582194000 Uncommon trap: trap_request=0xffffff45 fr.pc=0x000002059174d124 relative=0x00000000000005e4
Event: 0.840 Thread 0x0000020582194000 Uncommon trap: reason=unstable_if action=reinterpret pc=0x000002059174d124 method=jdk.internal.module.Checks.isJavaIdentifier(Ljava/lang/String;)Z @ 4 c2
Event: 0.841 Thread 0x0000020582194000 DEOPT PACKING pc=0x000002059174d124 sp=0x0000003e5a7fe1f0
Event: 0.841 Thread 0x0000020582194000 DEOPT UNPACKING pc=0x000002059120699d sp=0x0000003e5a7fe198 mode 2
Event: 0.963 Thread 0x00000205de1280f0 Uncommon trap: trap_request=0xffffff45 fr.pc=0x0000020591755d18 relative=0x00000000000000f8
Event: 0.963 Thread 0x00000205de1280f0 Uncommon trap: reason=unstable_if action=reinterpret pc=0x0000020591755d18 method=java.lang.StringLatin1.lastIndexOf([BI[BII)I @ 86 c2
Event: 0.963 Thread 0x00000205de1280f0 DEOPT PACKING pc=0x0000020591755d18 sp=0x0000003e5b1fe660
Event: 0.963 Thread 0x00000205de1280f0 DEOPT UNPACKING pc=0x000002059120699d sp=0x0000003e5b1fe5b8 mode 2
Event: 1.214 Thread 0x0000020582194000 DEOPT PACKING pc=0x0000020589d9abf7 sp=0x0000003e5a7fe190
Event: 1.214 Thread 0x0000020582194000 DEOPT UNPACKING pc=0x0000020591207124 sp=0x0000003e5a7fd5b0 mode 0
Event: 1.228 Thread 0x0000020582194000 DEOPT PACKING pc=0x0000020589d986d2 sp=0x0000003e5a7fe160
Event: 1.228 Thread 0x0000020582194000 DEOPT UNPACKING pc=0x0000020591207124 sp=0x0000003e5a7fd5f8 mode 0

Classes unloaded (0 events):
No events

Classes redefined (0 events):
No events

Internal exceptions (12 events):
Event: 0.165 Thread 0x0000020582194000 Exception <a 'java/lang/NoSuchMethodError'{0x00000000c69f5778}: 'java.lang.Object java.lang.invoke.DirectMethodHandle$Holder.invokeVirtual(java.lang.Object, java.lang.Object, java.lang.Object)'> (0x00000000c69f5778) 
thrown [s\src\hotspot\share\interpreter\linkResolver.cpp, line 759]
Event: 0.308 Thread 0x0000020582194000 Exception <a 'java/lang/NoSuchMethodError'{0x00000000c6782790}: 'void java.lang.invoke.DirectMethodHandle$Holder.invokeVirtual(java.lang.Object, java.lang.Object)'> (0x00000000c6782790) 
thrown [s\src\hotspot\share\interpreter\linkResolver.cpp, line 759]
Event: 0.488 Thread 0x0000020582194000 Exception <a 'java/lang/NoSuchMethodError'{0x00000000c691f040}: 'void java.lang.invoke.DirectMethodHandle$Holder.invokeSpecial(java.lang.Object, java.lang.Object, java.lang.Object)'> (0x00000000c691f040) 
thrown [s\src\hotspot\share\interpreter\linkResolver.cpp, line 759]
Event: 0.507 Thread 0x0000020582194000 Exception <a 'java/lang/NoSuchMethodError'{0x00000000c69b6580}: 'void java.lang.invoke.DirectMethodHandle$Holder.invokeSpecial(java.lang.Object, java.lang.Object, java.lang.Object, java.lang.Object, java.lang.Object)'> (0x00000000c69b6580) 
thrown [s\src\hotspot\share\interpreter\linkResolver.cpp, line 759]
Event: 0.516 Thread 0x0000020582194000 Exception <a 'java/lang/NoSuchMethodError'{0x00000000c69cae00}: 'java.lang.Object java.lang.invoke.DirectMethodHandle$Holder.invokeInterface(java.lang.Object, java.lang.Object)'> (0x00000000c69cae00) 
thrown [s\src\hotspot\share\interpreter\linkResolver.cpp, line 759]
Event: 0.518 Thread 0x0000020582194000 Exception <a 'java/lang/IncompatibleClassChangeError'{0x00000000c69ce478}: Found class java.lang.Object, but interface was expected> (0x00000000c69ce478) 
thrown [s\src\hotspot\share\interpreter\linkResolver.cpp, line 826]
Event: 0.519 Thread 0x0000020582194000 Exception <a 'java/lang/NoSuchMethodError'{0x00000000c69d12c8}: 'void java.lang.invoke.DirectMethodHandle$Holder.invokeStatic(java.lang.Object, java.lang.Object, java.lang.Object, java.lang.Object)'> (0x00000000c69d12c8) 
thrown [s\src\hotspot\share\interpreter\linkResolver.cpp, line 759]
Event: 0.613 Thread 0x00000205de517490 Exception <a 'java/lang/NoSuchMethodError'{0x00000000c68c8a98}: 'java.lang.Object java.lang.invoke.DirectMethodHandle$Holder.invokeStaticInit(java.lang.Object)'> (0x00000000c68c8a98) 
thrown [s\src\hotspot\share\interpreter\linkResolver.cpp, line 759]
Event: 0.614 Thread 0x0000020582194000 Exception <a 'java/lang/NoSuchMethodError'{0x00000000c68f9f60}: 'java.lang.Object java.lang.invoke.DirectMethodHandle$Holder.invokeStaticInit(java.lang.Object)'> (0x00000000c68f9f60) 
thrown [s\src\hotspot\share\interpreter\linkResolver.cpp, line 759]
Event: 0.620 Thread 0x0000020582194000 Exception <a 'java/lang/NoSuchMethodError'{0x00000000c6752980}: 'void java.lang.invoke.DirectMethodHandle$Holder.invokeStatic(java.lang.Object, java.lang.Object)'> (0x00000000c6752980) 
thrown [s\src\hotspot\share\interpreter\linkResolver.cpp, line 759]
Event: 0.625 Thread 0x00000205de517490 Exception <a 'java/lang/ClassNotFoundException'{0x00000000c68d3be8}: jdk/net/ExtendedSocketOptions> (0x00000000c68d3be8) 
thrown [s\src\hotspot\share\classfile\systemDictionary.cpp, line 256]
Event: 1.371 Thread 0x0000020582194000 Exception <a 'java/lang/NoSuchMethodError'{0x00000000c67b8f38}: 'void java.lang.invoke.DirectMethodHandle$Holder.invokeStatic(java.lang.Object, java.lang.Object, java.lang.Object)'> (0x00000000c67b8f38) 
thrown [s\src\hotspot\share\interpreter\linkResolver.cpp, line 759]

VM Operations (10 events):
Event: 0.446 Executing VM operation: HandshakeAllThreads
Event: 0.446 Executing VM operation: HandshakeAllThreads done
Event: 0.480 Executing VM operation: G1CollectForAllocation
Event: 0.483 Executing VM operation: G1CollectForAllocation done
Event: 0.510 Executing VM operation: HandshakeAllThreads
Event: 0.511 Executing VM operation: HandshakeAllThreads done
Event: 0.610 Executing VM operation: HandshakeAllThreads
Event: 0.611 Executing VM operation: HandshakeAllThreads done
Event: 1.137 Executing VM operation: G1CollectForAllocation
Event: 1.143 Executing VM operation: G1CollectForAllocation done

Events (20 events):
Event: 1.357 loading class java/util/concurrent/locks/Condition
Event: 1.357 loading class java/util/concurrent/locks/Condition done
Event: 1.357 loading class java/util/concurrent/locks/AbstractQueuedSynchronizer$ConditionObject done
Event: 1.357 loading class java/util/concurrent/LinkedBlockingQueue$Node
Event: 1.357 loading class java/util/concurrent/LinkedBlockingQueue$Node done
Event: 1.357 loading class java/util/concurrent/Executors
Event: 1.357 loading class java/util/concurrent/Executors done
Event: 1.357 loading class java/util/concurrent/Executors$DefaultThreadFactory
Event: 1.358 loading class java/util/concurrent/Executors$DefaultThreadFactory done
Event: 1.360 loading class java/util/concurrent/ThreadPoolExecutor$Worker
Event: 1.360 loading class java/util/concurrent/ThreadPoolExecutor$Worker done
Event: 1.372 loading class java/lang/Thread$State
Event: 1.372 loading class java/lang/Thread$State done
Event: 1.372 Thread 0x00000205de9b3cf0 Thread added: 0x00000205de9b3cf0
Event: 1.372 loading class java/util/concurrent/locks/AbstractQueuedSynchronizer$SharedNode
Event: 1.372 loading class java/util/concurrent/locks/AbstractQueuedSynchronizer$Node
Event: 1.372 loading class java/util/concurrent/locks/AbstractQueuedSynchronizer$Node done
Event: 1.372 loading class java/util/concurrent/locks/AbstractQueuedSynchronizer$SharedNode done
Event: 1.372 loading class java/util/concurrent/locks/AbstractQueuedSynchronizer$ExclusiveNode
Event: 1.372 loading class java/util/concurrent/locks/AbstractQueuedSynchronizer$ExclusiveNode done


Dynamic libraries:
0x00007ff7c91d0000 - 0x00007ff7c91de000 	C:\Users\lucas\.jdks\temurin-17.0.8.1\bin\java.exe
0x00007ffc70b50000 - 0x00007ffc70d67000 	C:\WINDOWS\SYSTEM32\ntdll.dll
0x00007ffc6fd40000 - 0x00007ffc6fe04000 	C:\WINDOWS\System32\KERNEL32.DLL
0x00007ffc6e250000 - 0x00007ffc6e5f6000 	C:\WINDOWS\System32\KERNELBASE.dll
0x00007ffc6e790000 - 0x00007ffc6e8a1000 	C:\WINDOWS\System32\ucrtbase.dll
0x00007ffc67300000 - 0x00007ffc67317000 	C:\Users\lucas\.jdks\temurin-17.0.8.1\bin\jli.dll
0x00007ffc6fea0000 - 0x00007ffc7004d000 	C:\WINDOWS\System32\USER32.dll
0x00007ffc6e760000 - 0x00007ffc6e786000 	C:\WINDOWS\System32\win32u.dll
0x00007ffc5c290000 - 0x00007ffc5c2a9000 	C:\Users\lucas\.jdks\temurin-17.0.8.1\bin\VCRUNTIME140.dll
0x00007ffc6fe70000 - 0x00007ffc6fe99000 	C:\WINDOWS\System32\GDI32.dll
0x00007ffc6e130000 - 0x00007ffc6e248000 	C:\WINDOWS\System32\gdi32full.dll
0x00007ffc5beb0000 - 0x00007ffc5c143000 	C:\WINDOWS\WinSxS\amd64_microsoft.windows.common-controls_6595b64144ccf1df_6.0.22621.2361_none_2712ced57382f843\COMCTL32.dll
0x00007ffc6e9e0000 - 0x00007ffc6ea87000 	C:\WINDOWS\System32\msvcrt.dll
0x00007ffc6e600000 - 0x00007ffc6e69a000 	C:\WINDOWS\System32\msvcp_win.dll
0x00007ffc70070000 - 0x00007ffc700a1000 	C:\WINDOWS\System32\IMM32.DLL
0x00007ffc69d90000 - 0x00007ffc69d9c000 	C:\Users\lucas\.jdks\temurin-17.0.8.1\bin\vcruntime140_1.dll
0x00007ffc57260000 - 0x00007ffc572f1000 	C:\Users\lucas\.jdks\temurin-17.0.8.1\bin\msvcp140.dll
0x00007ffc274c0000 - 0x00007ffc2810c000 	C:\Users\lucas\.jdks\temurin-17.0.8.1\bin\server\jvm.dll
0x00007ffc6fbb0000 - 0x00007ffc6fc60000 	C:\WINDOWS\System32\ADVAPI32.dll
0x00007ffc6f110000 - 0x00007ffc6f1b6000 	C:\WINDOWS\System32\sechost.dll
0x00007ffc6eff0000 - 0x00007ffc6f107000 	C:\WINDOWS\System32\RPCRT4.dll
0x00007ffc6dda0000 - 0x00007ffc6dded000 	C:\WINDOWS\SYSTEM32\POWRPROF.dll
0x00007ffc6a390000 - 0x00007ffc6a399000 	C:\WINDOWS\SYSTEM32\WSOCK32.dll
0x00007ffc6e960000 - 0x00007ffc6e9d1000 	C:\WINDOWS\System32\WS2_32.dll
0x00007ffc66cc0000 - 0x00007ffc66cf4000 	C:\WINDOWS\SYSTEM32\WINMM.dll
0x00007ffc5c9c0000 - 0x00007ffc5c9ca000 	C:\WINDOWS\SYSTEM32\VERSION.dll
0x00007ffc6dd80000 - 0x00007ffc6dd93000 	C:\WINDOWS\SYSTEM32\UMPDC.dll
0x00007ffc6ceb0000 - 0x00007ffc6cec8000 	C:\WINDOWS\SYSTEM32\kernel.appcore.dll
0x00007ffc675e0000 - 0x00007ffc675ea000 	C:\Users\lucas\.jdks\temurin-17.0.8.1\bin\jimage.dll
0x00007ffc6b9d0000 - 0x00007ffc6bbfe000 	C:\WINDOWS\SYSTEM32\DBGHELP.DLL
0x00007ffc70750000 - 0x00007ffc70ada000 	C:\WINDOWS\System32\combase.dll
0x00007ffc6fc60000 - 0x00007ffc6fd37000 	C:\WINDOWS\System32\OLEAUT32.dll
0x00007ffc55300000 - 0x00007ffc55332000 	C:\WINDOWS\SYSTEM32\dbgcore.DLL
0x00007ffc6e0b0000 - 0x00007ffc6e12a000 	C:\WINDOWS\System32\bcryptPrimitives.dll
0x00007ffc6a3f0000 - 0x00007ffc6a3fe000 	C:\Users\lucas\.jdks\temurin-17.0.8.1\bin\instrument.dll
0x00007ffc5a970000 - 0x00007ffc5a995000 	C:\Users\lucas\.jdks\temurin-17.0.8.1\bin\java.dll
0x00007ffc342e0000 - 0x00007ffc343b6000 	C:\Users\lucas\.jdks\temurin-17.0.8.1\bin\jsvml.dll
0x00007ffc6f2c0000 - 0x00007ffc6fb18000 	C:\WINDOWS\System32\SHELL32.dll
0x00007ffc6be30000 - 0x00007ffc6c722000 	C:\WINDOWS\SYSTEM32\windows.storage.dll
0x00007ffc6bcf0000 - 0x00007ffc6be2e000 	C:\WINDOWS\SYSTEM32\wintypes.dll
0x00007ffc6ed50000 - 0x00007ffc6ee43000 	C:\WINDOWS\System32\SHCORE.dll
0x00007ffc6fe10000 - 0x00007ffc6fe6e000 	C:\WINDOWS\System32\shlwapi.dll
0x00007ffc6de00000 - 0x00007ffc6de26000 	C:\WINDOWS\SYSTEM32\profapi.dll
0x00007ffc57080000 - 0x00007ffc57099000 	C:\Users\lucas\.jdks\temurin-17.0.8.1\bin\net.dll
0x00007ffc63ce0000 - 0x00007ffc63e17000 	C:\WINDOWS\SYSTEM32\WINHTTP.dll
0x00007ffc6d390000 - 0x00007ffc6d3f9000 	C:\WINDOWS\system32\mswsock.dll
0x00007ffc57060000 - 0x00007ffc57075000 	C:\Users\lucas\.jdks\temurin-17.0.8.1\bin\nio.dll
0x00007ffc57040000 - 0x00007ffc57058000 	C:\Users\lucas\.jdks\temurin-17.0.8.1\bin\zip.dll
0x00007ffc633d0000 - 0x00007ffc633ea000 	C:\Program Files\JetBrains\IntelliJ IDEA Community Edition 2023.2.2\bin\breakgen64.dll
0x000002059cf30000 - 0x000002059cf33000 	C:\Users\lucas\.openjfx\cache\20+19\amd64\api-ms-win-core-console-l1-1-0.dll
0x000002059cf40000 - 0x000002059cf43000 	C:\Users\lucas\.openjfx\cache\20+19\amd64\api-ms-win-core-console-l1-2-0.dll
0x000002059cf50000 - 0x000002059cf53000 	C:\Users\lucas\.openjfx\cache\20+19\amd64\api-ms-win-core-datetime-l1-1-0.dll
0x000002059cf80000 - 0x000002059cf83000 	C:\Users\lucas\.openjfx\cache\20+19\amd64\api-ms-win-core-debug-l1-1-0.dll
0x000002059cf90000 - 0x000002059cf93000 	C:\Users\lucas\.openjfx\cache\20+19\amd64\api-ms-win-core-errorhandling-l1-1-0.dll
0x000002059cfa0000 - 0x000002059cfa4000 	C:\Users\lucas\.openjfx\cache\20+19\amd64\api-ms-win-core-file-l1-1-0.dll
0x000002059cfb0000 - 0x000002059cfb3000 	C:\Users\lucas\.openjfx\cache\20+19\amd64\api-ms-win-core-file-l1-2-0.dll
0x000002059cfc0000 - 0x000002059cfc3000 	C:\Users\lucas\.openjfx\cache\20+19\amd64\api-ms-win-core-file-l2-1-0.dll
0x000002059cfd0000 - 0x000002059cfd3000 	C:\Users\lucas\.openjfx\cache\20+19\amd64\api-ms-win-core-handle-l1-1-0.dll
0x000002059cf60000 - 0x000002059cf63000 	C:\Users\lucas\.openjfx\cache\20+19\amd64\api-ms-win-core-heap-l1-1-0.dll
0x000002059cf70000 - 0x000002059cf73000 	C:\Users\lucas\.openjfx\cache\20+19\amd64\api-ms-win-core-interlocked-l1-1-0.dll
0x000002059cfe0000 - 0x000002059cfe3000 	C:\Users\lucas\.openjfx\cache\20+19\amd64\api-ms-win-core-libraryloader-l1-1-0.dll
0x000002059cff0000 - 0x000002059cff3000 	C:\Users\lucas\.openjfx\cache\20+19\amd64\api-ms-win-core-localization-l1-2-0.dll
0x00000205def00000 - 0x00000205def03000 	C:\Users\lucas\.openjfx\cache\20+19\amd64\api-ms-win-core-memory-l1-1-0.dll
0x00000205def10000 - 0x00000205def13000 	C:\Users\lucas\.openjfx\cache\20+19\amd64\api-ms-win-core-namedpipe-l1-1-0.dll
0x00000205def20000 - 0x00000205def23000 	C:\Users\lucas\.openjfx\cache\20+19\amd64\api-ms-win-core-processenvironment-l1-1-0.dll
0x00000205def30000 - 0x00000205def33000 	C:\Users\lucas\.openjfx\cache\20+19\amd64\api-ms-win-core-processthreads-l1-1-0.dll
0x00000205def40000 - 0x00000205def43000 	C:\Users\lucas\.openjfx\cache\20+19\amd64\api-ms-win-core-processthreads-l1-1-1.dll
0x00000205def50000 - 0x00000205def53000 	C:\Users\lucas\.openjfx\cache\20+19\amd64\api-ms-win-core-profile-l1-1-0.dll
0x00000205def60000 - 0x00000205def63000 	C:\Users\lucas\.openjfx\cache\20+19\amd64\api-ms-win-core-rtlsupport-l1-1-0.dll
0x00000205def70000 - 0x00000205def73000 	C:\Users\lucas\.openjfx\cache\20+19\amd64\api-ms-win-core-string-l1-1-0.dll
0x00000205def80000 - 0x00000205def83000 	C:\Users\lucas\.openjfx\cache\20+19\amd64\api-ms-win-core-synch-l1-1-0.dll
0x00000205def90000 - 0x00000205def93000 	C:\Users\lucas\.openjfx\cache\20+19\amd64\api-ms-win-core-synch-l1-2-0.dll
0x00000205defa0000 - 0x00000205defa3000 	C:\Users\lucas\.openjfx\cache\20+19\amd64\api-ms-win-core-sysinfo-l1-1-0.dll
0x00000205defb0000 - 0x00000205defb3000 	C:\Users\lucas\.openjfx\cache\20+19\amd64\api-ms-win-core-timezone-l1-1-0.dll
0x00000205defc0000 - 0x00000205defc3000 	C:\Users\lucas\.openjfx\cache\20+19\amd64\api-ms-win-core-util-l1-1-0.dll
0x00000205defd0000 - 0x00000205defd3000 	C:\Users\lucas\.openjfx\cache\20+19\amd64\api-ms-win-crt-conio-l1-1-0.dll
0x00000205defe0000 - 0x00000205defe4000 	C:\Users\lucas\.openjfx\cache\20+19\amd64\api-ms-win-crt-convert-l1-1-0.dll
0x00000205deff0000 - 0x00000205deff3000 	C:\Users\lucas\.openjfx\cache\20+19\amd64\api-ms-win-crt-environment-l1-1-0.dll
0x00000205e3000000 - 0x00000205e3003000 	C:\Users\lucas\.openjfx\cache\20+19\amd64\api-ms-win-crt-filesystem-l1-1-0.dll
0x00000205e3010000 - 0x00000205e3013000 	C:\Users\lucas\.openjfx\cache\20+19\amd64\api-ms-win-crt-heap-l1-1-0.dll
0x00000205e3020000 - 0x00000205e3023000 	C:\Users\lucas\.openjfx\cache\20+19\amd64\api-ms-win-crt-locale-l1-1-0.dll
0x00000205e3030000 - 0x00000205e3035000 	C:\Users\lucas\.openjfx\cache\20+19\amd64\api-ms-win-crt-math-l1-1-0.dll
0x00000205e3040000 - 0x00000205e3045000 	C:\Users\lucas\.openjfx\cache\20+19\amd64\api-ms-win-crt-multibyte-l1-1-0.dll
0x00000205e3050000 - 0x00000205e3060000 	C:\Users\lucas\.openjfx\cache\20+19\amd64\api-ms-win-crt-private-l1-1-0.dll
0x00000205e3060000 - 0x00000205e3063000 	C:\Users\lucas\.openjfx\cache\20+19\amd64\api-ms-win-crt-process-l1-1-0.dll
0x00000205e3070000 - 0x00000205e3074000 	C:\Users\lucas\.openjfx\cache\20+19\amd64\api-ms-win-crt-runtime-l1-1-0.dll
0x00000205e3080000 - 0x00000205e3084000 	C:\Users\lucas\.openjfx\cache\20+19\amd64\api-ms-win-crt-stdio-l1-1-0.dll
0x00000205e3090000 - 0x00000205e3094000 	C:\Users\lucas\.openjfx\cache\20+19\amd64\api-ms-win-crt-string-l1-1-0.dll
0x00000205e30a0000 - 0x00000205e30a3000 	C:\Users\lucas\.openjfx\cache\20+19\amd64\api-ms-win-crt-time-l1-1-0.dll
0x00000205e30b0000 - 0x00000205e30b3000 	C:\Users\lucas\.openjfx\cache\20+19\amd64\api-ms-win-crt-utility-l1-1-0.dll
0x00007ffc366d0000 - 0x00007ffc367cc000 	C:\Users\lucas\.openjfx\cache\20+19\amd64\ucrtbase.dll
0x00007ffc633b0000 - 0x00007ffc633cb000 	C:\Users\lucas\.openjfx\cache\20+19\amd64\vcruntime140.dll
0x00007ffc6a3e0000 - 0x00007ffc6a3ec000 	C:\Users\lucas\.openjfx\cache\20+19\amd64\vcruntime140_1.dll
0x00007ffc63290000 - 0x00007ffc6331e000 	C:\Users\lucas\.openjfx\cache\20+19\amd64\msvcp140.dll
0x00007ffc67240000 - 0x00007ffc67249000 	C:\Users\lucas\.openjfx\cache\20+19\amd64\msvcp140_1.dll
0x00007ffc63260000 - 0x00007ffc63290000 	C:\Users\lucas\.openjfx\cache\20+19\amd64\msvcp140_2.dll

dbghelp: loaded successfully - version: 4.0.5 - missing functions: none
symbol engine: initialized successfully - sym options: 0x614 - pdb path: .;C:\Users\lucas\.jdks\temurin-17.0.8.1\bin;C:\WINDOWS\SYSTEM32;C:\WINDOWS\WinSxS\amd64_microsoft.windows.common-controls_6595b64144ccf1df_6.0.22621.2361_none_2712ced57382f843;C:\Users\lucas\.jdks\temurin-17.0.8.1\bin\server;C:\Program Files\JetBrains\IntelliJ IDEA Community Edition 2023.2.2\bin;C:\Users\lucas\.openjfx\cache\20+19\amd64

VM Arguments:
jvm_args: -javaagent:C:\Program Files\JetBrains\IntelliJ IDEA Community Edition 2023.2.2\lib\idea_rt.jar=61823:C:\Program Files\JetBrains\IntelliJ IDEA Community Edition 2023.2.2\bin -Dfile.encoding=UTF-8 --module-path=C:\Users\lucas\.m2\repository\com\google\code\gson\gson\2.10.1\gson-2.10.1.jar;C:\Users\lucas\.m2\repository\org\openjfx\javafx-controls\20\javafx-controls-20-win.jar;C:\Users\lucas\csc305\csc305Intellij\BitternRepo\GymnasticsApp\target\classes;C:\Users\lucas\.m2\repository\org\openjfx\javafx-graphics\20\javafx-graphics-20-win.jar;C:\Users\lucas\.m2\repository\org\openjfx\javafx-fxml\20\javafx-fxml-20-win.jar;C:\Users\lucas\.m2\repository\com\opencsv\opencsv\5.8\opencsv-5.8.jar;C:\Users\lucas\.m2\repository\org\openjfx\javafx-base\20\javafx-base-20-win.jar;C:\Users\lucas\.m2\repository\org\controlsfx\controlsfx\11.1.2\controlsfx-11.1.2.jar -Djdk.module.main=edu.augustana 
java_command: edu.augustana/edu.augustana.App
java_class_path (initial): C:\Users\lucas\.m2\repository\org\openjfx\javafx-controls\20\javafx-controls-20.jar;C:\Users\lucas\.m2\repository\org\openjfx\javafx-graphics\20\javafx-graphics-20.jar;C:\Users\lucas\.m2\repository\org\openjfx\javafx-base\20\javafx-base-20.jar;C:\Users\lucas\.m2\repository\org\openjfx\javafx-fxml\20\javafx-fxml-20.jar;C:\Users\lucas\.m2\repository\org\apache\commons\commons-lang3\3.12.0\commons-lang3-3.12.0.jar;C:\Users\lucas\.m2\repository\org\apache\commons\commons-text\1.10.0\commons-text-1.10.0.jar;C:\Users\lucas\.m2\repository\commons-beanutils\commons-beanutils\1.9.4\commons-beanutils-1.9.4.jar;C:\Users\lucas\.m2\repository\commons-logging\commons-logging\1.2\commons-logging-1.2.jar;C:\Users\lucas\.m2\repository\commons-collections\commons-collections\3.2.2\commons-collections-3.2.2.jar;C:\Users\lucas\.m2\repository\org\apache\commons\commons-collections4\4.4\commons-collections4-4.4.jar
Launcher Type: SUN_STANDARD

[Global flags]
     intx CICompilerCount                          = 2                                         {product} {ergonomic}
     uint ConcGCThreads                            = 1                                         {product} {ergonomic}
     uint G1ConcRefinementThreads                  = 2                                         {product} {ergonomic}
   size_t G1HeapRegionSize                         = 1048576                                   {product} {ergonomic}
    uintx GCDrainStackTargetSize                   = 64                                        {product} {ergonomic}
   size_t InitialHeapSize                          = 65011712                                  {product} {ergonomic}
   size_t MarkStackSize                            = 4194304                                   {product} {ergonomic}
   size_t MaxHeapSize                              = 1027604480                                {product} {ergonomic}
   size_t MaxNewSize                               = 616562688                                 {product} {ergonomic}
   size_t MinHeapDeltaBytes                        = 1048576                                   {product} {ergonomic}
   size_t MinHeapSize                              = 8388608                                   {product} {ergonomic}
    uintx NonNMethodCodeHeapSize                   = 5826188                                {pd product} {ergonomic}
    uintx NonProfiledCodeHeapSize                  = 122916026                              {pd product} {ergonomic}
    uintx ProfiledCodeHeapSize                     = 122916026                              {pd product} {ergonomic}
    uintx ReservedCodeCacheSize                    = 251658240                              {pd product} {ergonomic}
     bool SegmentedCodeCache                       = true                                      {product} {ergonomic}
   size_t SoftMaxHeapSize                          = 1027604480                             {manageable} {ergonomic}
     bool UseCompressedClassPointers               = true                           {product lp64_product} {ergonomic}
     bool UseCompressedOops                        = true                           {product lp64_product} {ergonomic}
     bool UseG1GC                                  = true                                      {product} {ergonomic}
     bool UseLargePagesIndividualAllocation        = false                                  {pd product} {ergonomic}

Logging:
Log output configuration:
 #0: stdout all=warning uptime,level,tags
 #1: stderr all=off uptime,level,tags

Environment Variables:
PATH=C:\Program Files\Common Files\Oracle\Java\javapath;C:\WINDOWS\system32;C:\WINDOWS;C:\WINDOWS\System32\Wbem;C:\WINDOWS\System32\WindowsPowerShell\v1.0\;C:\WINDOWS\System32\OpenSSH\;C:\Program Files\Intel\TXE Components\DAL\;C:\Program Files (x86)\Intel\TXE Components\DAL\;C:\Program Files\Git\cmd;C:\Program Files\dotnet\;C:\Users\lucas\AppData\Local\Microsoft\WindowsApps;C:\Users\lucas\.dotnet\tools
USERNAME=lucas
OS=Windows_NT
PROCESSOR_IDENTIFIER=Intel64 Family 6 Model 122 Stepping 8, GenuineIntel
TMP=C:\Users\lucas\AppData\Local\Temp
TEMP=C:\Users\lucas\AppData\Local\Temp



---------------  S Y S T E M  ---------------

OS:
 Windows 11 , 64 bit Build 22621 (10.0.22621.2428)
OS uptime: 7 days 1:51 hours

CPU: total 2 (initial active 2) (2 cores per cpu, 1 threads per core) family 6 model 122 stepping 8 microcode 0x18, cx8, cmov, fxsr, mmx, 3dnowpref, sse, sse2, sse3, ssse3, sse4.1, sse4.2, popcnt, tsc, tscinvbit, aes, erms, clmul, sha, clflush, clflushopt
Processor Information for all 2 processors :
  Max Mhz: 1101, Current Mhz: 1101, Mhz Limit: 1101

Memory: 4k page, system-wide physical 3916M (412M free)
TotalPageFile size 11189M (AvailPageFile size 4M)
current process WorkingSet (physical memory assigned to process): 56M, peak: 56M
current process commit charge ("private bytes"): 138M, peak: 138M

vm_info: OpenJDK 64-Bit Server VM (17.0.8.1+1) for windows-amd64 JRE (17.0.8.1+1), built on Aug 23 2023 15:29:17 by "admin" with MS VC++ 16.7 (VS2019)

END.
